C51 COMPILER V9.01   µ„¡¡…¡À∏                                                              01/26/2017 13:23:23 PAGE 1   


C51 COMPILER V9.01, COMPILATION OF MODULE µ„¡¡…¡À∏
OBJECT MODULE PLACED IN µ„¡¡…¡À∏.OBJ
COMPILER INVOKED BY: C:\Keil\C51\BIN\C51.EXE µ„¡¡…¡À∏.c BROWSE DEBUG OBJECTEXTEND

line level    source

   1          #include "reg51.h" 
   2          sbit led=P1^0;
   3          sbit led1=P1^1;
   4          void day(int n)
   5          {
   6   1              int i,j;
   7   1              //for(i=0;i<n;i++)
   8   1              for(j=0;j<n;j++);       
   9   1      }
*** WARNING C280 IN LINE 6 OF µ„¡¡…¡À∏.C: 'i': unreferenced local variable
  10          void main()
  11          {
  12   1              
  13   1              while(1)
  14   1              {
  15   2                      led=0;
  16   2                      led1=0;
  17   2                      day(200);
  18   2                      led1=1;
  19   2                      day(200);
  20   2              }
  21   1      }


MODULE INFORMATION:   STATIC OVERLAYABLE
   CODE SIZE        =     42    ----
   CONSTANT SIZE    =   ----    ----
   XDATA SIZE       =   ----    ----
   PDATA SIZE       =   ----    ----
   DATA SIZE        =   ----       2
   IDATA SIZE       =   ----    ----
   BIT SIZE         =   ----    ----
END OF MODULE INFORMATION.


C51 COMPILATION COMPLETE.  1 WARNING(S),  0 ERROR(S)
